0	1	mikroCARM.exe -MSF -DBG -pSTM32F107VC -BIN -LHF -C -DL -SSA -O11111114 -fo72 -N"D:\Clicks_git\LTE_IoT_2_Click\SW\example\c\ARM\STM\Click_LTE_IoT2_STM.mcpar" -SP"C:\Users\Public\Documents\Mikroelektronika\mikroC PRO for ARM\Defs\" -SP"C:\Users\Public\Documents\Mikroelektronika\mikroC PRO for ARM\Uses\ST M3\" -SP"D:\Clicks_git\LTE_IoT_2_Click\SW\example\c\ARM\STM\" -SP"D:\Clicks_git\LTE_IoT_2_Click\SW\library\HAL\" -SP"D:\Clicks_git\LTE_IoT_2_Click\SW\library\" -SP"C:\Users\Public\Documents\Mikroelektronika\mikroC PRO for ARM\Packages\mikroBUS Board Definition API\Uses\" -IP"C:\Users\Public\Documents\Mikroelektronika\mikroC PRO for ARM\Uses\ST M3\" -IP"D:\Clicks_git\LTE_IoT_2_Click\SW\example\c\ARM\STM\" -IP"D:\Clicks_git\LTE_IoT_2_Click\SW\library\" -IP"D:\Clicks_git\LTE_IoT_2_Click\SW\library\HAL\" -IP"C:\Users\Public\Documents\Mikroelektronika\mikroC PRO for ARM\Packages\mikroBUS Board Definition API\Uses\" "Click_LTE_IoT2_STM.c" "__lteiot2_driver.c" "__Lib_Math.emcl" "__Lib_MathDouble.emcl" "__Lib_Delays.emcl" "__Lib_System_105_107.emcl" "__Lib_GPIO_32F10x_Defs.emcl" "__Lib_GPIO_32F10x.emcl" "__Lib_CString.emcl" "__Lib_Conversions.emcl" "__Lib_UART_123_45.emcl" "easymx_v7_STM32F107VC.emcl" "Click_LTE_IoT2.pld"	 
diagnostics: 0	122	Compilation Started	stdint.h
hint: 0	1004	interrupt handler (Timer_interrupt at 0x002C)	click_lte_iot2_timer.h
diagnostics: 147	123	Compiled Successfully	Click_LTE_IoT2_STM.c
hint: 51	1164	Variable 'evArgs' has been eliminated by optimizer	Click_LTE_IoT2_STM.c
diagnostics: 0	122	Compilation Started	stdint.h
diagnostics: 793	123	Compiled Successfully	__lteiot2_driver.c
hint: 217	1164	Variable 'tmp' has been eliminated by optimizer	__lteiot2_driver.c
hint: 135	1164	Variable 'tmp' has been eliminated by optimizer	__lteiot2_driver.c
hint: 324	1164	Variable 'tmp' has been eliminated by optimizer	__lteiot2_driver.c
hint: 335	1164	Variable 'tmp' has been eliminated by optimizer	__lteiot2_driver.c
hint: 733	1164	Variable 'tmp' has been eliminated by optimizer	__lteiot2_driver.c
diagnostics: 0	127	All files Compiled in 125 ms	 
hint: 0	1144	Used RX: 16 (100%)   Free RX: 0 (0%)	Used RX: 16 (100%)   Free RX: 0 (0%)
hint: 0	1144	Static RAM (bytes): 1572   Dynamic RAM (bytes): 63961	Static RAM (bytes): 1572   Dynamic RAM (bytes): 63961
hint: 0	1144	Used ROM (bytes): 9742 (4%)  Free ROM (bytes): 252402 (96%)	Used ROM (bytes): 9742 (4%)  Free ROM (bytes): 252402 (96%)
diagnostics: 0	125	Project Linked Successfully	Click_LTE_IoT2_STM.mcpar
diagnostics: 0	128	Linked in 235 ms	 
diagnostics: 0	129	Project 'Click_LTE_IoT2_STM.mcpar' completed: 469 ms	 
diagnostics: 0	103	Finished successfully: 06 jul 2018, 12:26:44	Click_LTE_IoT2_STM.mcpar
